<?xml version="1.0" encoding="utf-8"?><testsuites name="pytest tests"><testsuite name="pytest" errors="0" failures="0" skipped="0" tests="10" time="12.255" timestamp="2026-02-15T16:23:56.595568+00:00" hostname="agent-env-21b8d912-53d8-4da5-9f5d-169d1f588bfd"><testcase classname="backend.tests.test_custom_features.TestAuthenticationFlow" name="test_admin_login_success" time="0.829" /><testcase classname="backend.tests.test_custom_features.TestAuthenticationFlow" name="test_admin_login_invalid_credentials" time="0.511" /><testcase classname="backend.tests.test_custom_features.TestCarWithCustomFeatures" name="test_get_test_car_with_custom_features" time="0.507" /><testcase classname="backend.tests.test_custom_features.TestCarWithCustomFeatures" name="test_create_car_with_custom_features" time="1.073" /><testcase classname="backend.tests.test_custom_features.TestCarWithCustomFeatures" name="test_update_car_add_custom_feature" time="2.044" /><testcase classname="backend.tests.test_custom_features.TestCarWithCustomFeatures" name="test_update_car_remove_custom_feature" time="1.710" /><testcase classname="backend.tests.test_custom_features.TestCarWithCustomFeatures" name="test_get_all_cars_includes_custom_features" time="1.056" /><testcase classname="backend.tests.test_custom_features.TestAdminEndpoints" name="test_admin_page_accessible" time="0.562" /><testcase classname="backend.tests.test_custom_features.TestAdminEndpoints" name="test_admin_get_all_cars" time="1.685" /><testcase classname="backend.tests.test_custom_features.TestCleanup" name="test_cleanup_test_cars" time="2.116" /></testsuite></testsuites>